<?xml version="1.0" encoding="UTF-8"?>
<!-- Generated by org.testng.reporters.JUnitReportReporter -->
<testsuite skipped="0" hostname="KOCCEN10USBN10" name="apireqres.UsingRESTassured" tests="1" failures="0" timestamp="4 Apr 2019 10:28:21 GMT" time="7.783" errors="0">
  <testcase name="getResponse" time="7.783" classname="apireqres.UsingRESTassured"/>
</testsuite> <!-- apireqres.UsingRESTassured -->
